<?xml version="1.0" encoding="UTF-8"?>
<testsuite name="InvoiceTestCases" tests="1" skipped="0" failures="0" errors="0" timestamp="2020-04-07T13:09:22" hostname="DESKTOP-7UGSU5P" time="0.004">
  <properties/>
  <testcase name="givenDistanceAndTime__ThenReturnTotalFare" classname="InvoiceTestCases" time="0.004"/>
  <system-out><![CDATA[]]></system-out>
  <system-err><![CDATA[]]></system-err>
</testsuite>
